c:\users\hahh\source\repos\数据结构\oj完全测试\x64\debug\vc142.pdb
c:\users\hahh\source\repos\数据结构\oj完全测试\x64\debug\vc142.idb
c:\users\hahh\source\repos\数据结构\oj完全测试\x64\debug\测试.obj
c:\users\hahh\source\repos\数据结构\oj完全测试\x64\debug\oj完全测试.obj
c:\users\hahh\source\repos\数据结构\oj完全测试\x64\debug\oj4301奶牛区间.obj
c:\users\hahh\source\repos\数据结构\oj完全测试\x64\debug\oj4300中间的奶牛.obj
c:\users\hahh\source\repos\数据结构\oj完全测试\x64\debug\oj4161rails.obj
c:\users\hahh\source\repos\数据结构\oj完全测试\x64\debug\oj1001二哥的苹果.obj
c:\users\hahh\source\repos\数据结构\oj完全测试\x64\debug\oj202大数加法2.obj
c:\users\hahh\source\repos\数据结构\oj完全测试\x64\debug\oj1994二哥的地图（bfs访问图）.obj
c:\users\hahh\source\repos\数据结构\oj完全测试\x64\debug\oj1236 带负权的最短路径.obj
c:\users\hahh\source\repos\数据结构\oj完全测试\x64\debug\oj1235dijkstra使用堆.obj
c:\users\hahh\source\repos\数据结构\oj完全测试\x64\debug\oj1234_图kruskal最小生成树.obj
c:\users\hahh\source\repos\数据结构\oj完全测试\x64\debug\oj1233邻接表简单路径测试.obj
c:\users\hahh\source\repos\数据结构\oj完全测试\x64\debug\oj1216heap.obj
c:\users\hahh\source\repos\数据结构\oj完全测试\x64\debug\oj1215bernoulli.obj
c:\users\hahh\source\repos\数据结构\oj完全测试\x64\debug\oj1203合并线性表.obj
c:\users\hahh\source\repos\数据结构\oj完全测试\x64\debug\oj1202大数加法.obj
c:\users\hahh\source\repos\数据结构\oj完全测试\x64\debug\oj1111二哥学二叉树.obj
c:\users\hahh\source\repos\数据结构\oj完全测试\x64\debug\二进制测试.obj
c:\users\hahh\source\repos\数据结构\x64\debug\oj完全测试.ilk
c:\users\hahh\source\repos\数据结构\x64\debug\oj完全测试.exe
c:\users\hahh\source\repos\数据结构\x64\debug\oj完全测试.pdb
c:\users\hahh\source\repos\数据结构\oj完全测试\x64\debug\oj完全测试.tlog\cl.command.1.tlog
c:\users\hahh\source\repos\数据结构\oj完全测试\x64\debug\oj完全测试.tlog\cl.read.1.tlog
c:\users\hahh\source\repos\数据结构\oj完全测试\x64\debug\oj完全测试.tlog\cl.write.1.tlog
c:\users\hahh\source\repos\数据结构\oj完全测试\x64\debug\oj完全测试.tlog\link.command.1.tlog
c:\users\hahh\source\repos\数据结构\oj完全测试\x64\debug\oj完全测试.tlog\link.read.1.tlog
c:\users\hahh\source\repos\数据结构\oj完全测试\x64\debug\oj完全测试.tlog\link.write.1.tlog
